[debug] [2025-01-14T06:30:03.774Z] ----------------------------------------------------------------------
[debug] [2025-01-14T06:30:03.779Z] Command:       C:\Program Files\nodejs\node.exe C:\Users\Nouman Khateeb\AppData\Roaming\npm\node_modules\firebase-tools\lib\bin\firebase.js init
[debug] [2025-01-14T06:30:03.780Z] CLI Version:   13.29.1
[debug] [2025-01-14T06:30:03.780Z] Platform:      win32
[debug] [2025-01-14T06:30:03.780Z] Node Version:  v22.12.0
[debug] [2025-01-14T06:30:03.780Z] Time:          Tue Jan 14 2025 11:30:03 GMT+0500 (Pakistan Standard Time)
[debug] [2025-01-14T06:30:03.781Z] ----------------------------------------------------------------------
[debug] 
[debug] [2025-01-14T06:30:03.793Z] > command requires scopes: ["email","openid","https://www.googleapis.com/auth/cloudplatformprojects.readonly","https://www.googleapis.com/auth/firebase","https://www.googleapis.com/auth/cloud-platform"]
[debug] [2025-01-14T06:30:03.794Z] > authorizing via signed-in user (noumankhateebnk@gmail.com)
[info] 
     ######## #### ########  ######## ########     ###     ######  ########
     ##        ##  ##     ## ##       ##     ##  ##   ##  ##       ##
     ######    ##  ########  ######   ########  #########  ######  ######
     ##        ##  ##    ##  ##       ##     ## ##     ##       ## ##
     ##       #### ##     ## ######## ########  ##     ##  ######  ########

You're about to initialize a Firebase project in this directory:

  E:\Work\reinom

[info] 
=== Project Setup
[info] 
[info] First, let's associate this project directory with a Firebase project.
[info] You can create multiple project aliases by running firebase use --add, 
[info] but for now we'll just set up a default project.
[info] 
[debug] [2025-01-14T06:30:22.058Z] Checked if tokens are valid: true, expires at: 1736838135714
[debug] [2025-01-14T06:30:22.058Z] Checked if tokens are valid: true, expires at: 1736838135714
[debug] [2025-01-14T06:30:22.062Z] >>> [apiv2][query] GET https://firebase.googleapis.com/v1beta1/projects pageSize=100
[debug] [2025-01-14T06:30:22.902Z] <<< [apiv2][status] GET https://firebase.googleapis.com/v1beta1/projects 200
[debug] [2025-01-14T06:30:22.903Z] <<< [apiv2][body] GET https://firebase.googleapis.com/v1beta1/projects [omitted]
[info] i  Using project reinom-7676d (Reinom) 
[info] 
=== Dataconnect Setup
[debug] [2025-01-14T06:30:25.579Z] Checked if tokens are valid: true, expires at: 1736838135714
[debug] [2025-01-14T06:30:25.579Z] Checked if tokens are valid: true, expires at: 1736838135714
[debug] [2025-01-14T06:30:25.579Z] >>> [apiv2][query] GET https://cloudbilling.googleapis.com/v1/projects/reinom-7676d/billingInfo [none]
[debug] [2025-01-14T06:30:26.647Z] <<< [apiv2][status] GET https://cloudbilling.googleapis.com/v1/projects/reinom-7676d/billingInfo 200
[debug] [2025-01-14T06:30:26.648Z] <<< [apiv2][body] GET https://cloudbilling.googleapis.com/v1/projects/reinom-7676d/billingInfo {"name":"projects/reinom-7676d/billingInfo","projectId":"reinom-7676d","billingAccountName":"","billingEnabled":false}
[info] i  dataconnect: ensuring required API sqladmin.googleapis.com is enabled... 
[debug] [2025-01-14T06:30:26.650Z] Checked if tokens are valid: true, expires at: 1736838135714
[debug] [2025-01-14T06:30:26.650Z] Checked if tokens are valid: true, expires at: 1736838135714
[debug] [2025-01-14T06:30:26.650Z] >>> [apiv2][query] GET https://serviceusage.googleapis.com/v1/projects/reinom-7676d/services/sqladmin.googleapis.com [none]
[debug] [2025-01-14T06:30:26.651Z] >>> [apiv2][(partial)header] GET https://serviceusage.googleapis.com/v1/projects/reinom-7676d/services/sqladmin.googleapis.com x-goog-quota-user=projects/reinom-7676d
[debug] [2025-01-14T06:30:28.278Z] <<< [apiv2][status] GET https://serviceusage.googleapis.com/v1/projects/reinom-7676d/services/sqladmin.googleapis.com 200
[debug] [2025-01-14T06:30:28.279Z] <<< [apiv2][body] GET https://serviceusage.googleapis.com/v1/projects/reinom-7676d/services/sqladmin.googleapis.com [omitted]
[info] +  dataconnect: required API sqladmin.googleapis.com is enabled 
[info] i  dataconnect\dataconnect.yaml is unchanged 
[info] i  dataconnect\schema\schema.gql is unchanged 
[info] +  Wrote dataconnect\connector\connector.yaml 
[info] i  dataconnect\connector\queries.gql is unchanged 
[info] i  dataconnect\connector\mutations.gql is unchanged 
[info] +  Detected WEB app in directory E:\Work\reinom 
[info] i  Wrote new config to E:\Work\reinom\dataconnect\connector/connector.yaml 
[info] I0114 11:30:33.097594   15176 codegen.go:82] [connector "default" javascriptSdk] Generating sources into "E:\\Work\\reinom\\dataconnect-generated\\js\\default-connector"
I0114 11:30:33.101955   15176 generate.go:40] Generated all sources. Writing them to disk...
I0114 11:30:33.103584   15176 collector.go:107] connector "default" javascriptSdk wrote into "E:\\Work\\reinom\\dataconnect-generated\\js\\default-connector"
Generated sources: index.d.ts [264B] esm\index.esm.js [179B] esm\package.json [17B] index.cjs.js [220B] package.json [634B] 
I0114 11:30:33.113622   15176 installsdk.go:76] Running command: C:\Program Files\nodejs\npm.cmd install file:dataconnect-generated\js\default-connector

[info] i  Generated SDK code for default 
[info] +  If you'd like to add more generated SDKs to your app your later, run firebase init dataconnect:sdk again 
[info] i  If you'd like to provision a CloudSQL Postgres instance on the Firebase Data Connect no-cost trial:
1. Please upgrade to the pay-as-you-go (Blaze) billing plan. Visit the following page:
     https://console.firebase.google.com/project/reinom-7676d/usage/details
2. Run firebase init dataconnect again to configure the Cloud SQL instance.
3. Run firebase deploy --only dataconnect to deploy your Data Connect service. 
[info] 
=== Firestore Setup
[debug] [2025-01-14T06:30:36.465Z] Checked if tokens are valid: true, expires at: 1736838135714
[debug] [2025-01-14T06:30:36.465Z] Checked if tokens are valid: true, expires at: 1736838135714
[debug] [2025-01-14T06:30:36.466Z] >>> [apiv2][query] GET https://serviceusage.googleapis.com/v1/projects/reinom-7676d/services/firestore.googleapis.com [none]
[debug] [2025-01-14T06:30:36.466Z] >>> [apiv2][(partial)header] GET https://serviceusage.googleapis.com/v1/projects/reinom-7676d/services/firestore.googleapis.com x-goog-quota-user=projects/reinom-7676d
[debug] [2025-01-14T06:30:37.928Z] <<< [apiv2][status] GET https://serviceusage.googleapis.com/v1/projects/reinom-7676d/services/firestore.googleapis.com 200
[debug] [2025-01-14T06:30:37.928Z] <<< [apiv2][body] GET https://serviceusage.googleapis.com/v1/projects/reinom-7676d/services/firestore.googleapis.com [omitted]
[debug] [2025-01-14T06:30:37.929Z] Checked if tokens are valid: true, expires at: 1736838135714
[debug] [2025-01-14T06:30:37.930Z] Checked if tokens are valid: true, expires at: 1736838135714
[debug] [2025-01-14T06:30:37.930Z] >>> [apiv2][query] GET https://firestore.googleapis.com/v1/projects/reinom-7676d/databases/(default) [none]
[debug] [2025-01-14T06:30:39.506Z] <<< [apiv2][status] GET https://firestore.googleapis.com/v1/projects/reinom-7676d/databases/(default) 200
[debug] [2025-01-14T06:30:39.506Z] <<< [apiv2][body] GET https://firestore.googleapis.com/v1/projects/reinom-7676d/databases/(default) {"name":"projects/reinom-7676d/databases/(default)","uid":"3ac0d421-a26d-461b-85fb-69390312d3b0","createTime":"2025-01-14T06:29:33.311037Z","updateTime":"2025-01-14T06:29:33.311037Z","locationId":"nam5","type":"FIRESTORE_NATIVE","concurrencyMode":"PESSIMISTIC","versionRetentionPeriod":"3600s","earliestVersionTime":"2025-01-14T06:29:33.311037Z","appEngineIntegrationMode":"DISABLED","keyPrefix":"s","pointInTimeRecoveryEnablement":"POINT_IN_TIME_RECOVERY_DISABLED","deleteProtectionState":"DELETE_PROTECTION_DISABLED","etag":"IKTI3JjL9IoDML3YkvnK9IoD"}
[debug] [2025-01-14T06:30:39.506Z] database_type: FIRESTORE_NATIVE
[debug] [2025-01-14T06:30:39.507Z] database_type: FIRESTORE_NATIVE
[debug] [2025-01-14T06:30:39.507Z] > command requires scopes: ["email","openid","https://www.googleapis.com/auth/cloudplatformprojects.readonly","https://www.googleapis.com/auth/firebase","https://www.googleapis.com/auth/cloud-platform"]
[debug] [2025-01-14T06:30:39.507Z] > authorizing via signed-in user (noumankhateebnk@gmail.com)
[debug] [2025-01-14T06:30:39.508Z] [iam] checking project reinom-7676d for permissions ["firebase.projects.get"]
[debug] [2025-01-14T06:30:39.508Z] Checked if tokens are valid: true, expires at: 1736838135714
[debug] [2025-01-14T06:30:39.509Z] Checked if tokens are valid: true, expires at: 1736838135714
[debug] [2025-01-14T06:30:39.509Z] >>> [apiv2][query] POST https://cloudresourcemanager.googleapis.com/v1/projects/reinom-7676d:testIamPermissions [none]
[debug] [2025-01-14T06:30:39.509Z] >>> [apiv2][(partial)header] POST https://cloudresourcemanager.googleapis.com/v1/projects/reinom-7676d:testIamPermissions x-goog-quota-user=projects/reinom-7676d
[debug] [2025-01-14T06:30:39.509Z] >>> [apiv2][body] POST https://cloudresourcemanager.googleapis.com/v1/projects/reinom-7676d:testIamPermissions {"permissions":["firebase.projects.get"]}
[debug] [2025-01-14T06:30:40.975Z] <<< [apiv2][status] POST https://cloudresourcemanager.googleapis.com/v1/projects/reinom-7676d:testIamPermissions 200
[debug] [2025-01-14T06:30:40.976Z] <<< [apiv2][body] POST https://cloudresourcemanager.googleapis.com/v1/projects/reinom-7676d:testIamPermissions {"permissions":["firebase.projects.get"]}
[info] 
[info] Firestore Security Rules allow you to define how and when to allow
[info] requests. You can keep these rules in your project directory
[info] and publish them with firebase deploy.
[info] 
[debug] [2025-01-14T06:30:44.886Z] Checked if tokens are valid: true, expires at: 1736838135714
[debug] [2025-01-14T06:30:44.886Z] Checked if tokens are valid: true, expires at: 1736838135714
[debug] [2025-01-14T06:30:44.887Z] >>> [apiv2][query] GET https://firebaserules.googleapis.com/v1/projects/reinom-7676d/releases pageSize=10&pageToken=
[debug] [2025-01-14T06:30:46.116Z] <<< [apiv2][status] GET https://firebaserules.googleapis.com/v1/projects/reinom-7676d/releases 200
[debug] [2025-01-14T06:30:46.116Z] <<< [apiv2][body] GET https://firebaserules.googleapis.com/v1/projects/reinom-7676d/releases {"releases":[{"name":"projects/reinom-7676d/releases/cloud.firestore","rulesetName":"projects/reinom-7676d/rulesets/b3a81c32-1c2c-463a-8753-ab6f23e068f1","createTime":"2025-01-14T06:29:38.326151Z","updateTime":"2025-01-14T06:29:38.326151Z"}]}
[debug] [2025-01-14T06:30:46.117Z] Found ruleset: projects/reinom-7676d/rulesets/b3a81c32-1c2c-463a-8753-ab6f23e068f1
[debug] [2025-01-14T06:30:46.117Z] Checked if tokens are valid: true, expires at: 1736838135714
[debug] [2025-01-14T06:30:46.117Z] Checked if tokens are valid: true, expires at: 1736838135714
[debug] [2025-01-14T06:30:46.118Z] >>> [apiv2][query] GET https://firebaserules.googleapis.com/v1/projects/reinom-7676d/rulesets/b3a81c32-1c2c-463a-8753-ab6f23e068f1 [none]
[debug] [2025-01-14T06:30:46.900Z] <<< [apiv2][status] GET https://firebaserules.googleapis.com/v1/projects/reinom-7676d/rulesets/b3a81c32-1c2c-463a-8753-ab6f23e068f1 200
[debug] [2025-01-14T06:30:46.901Z] <<< [apiv2][body] GET https://firebaserules.googleapis.com/v1/projects/reinom-7676d/rulesets/b3a81c32-1c2c-463a-8753-ab6f23e068f1 [omitted]
[info] 
[info] Firestore indexes allow you to perform complex queries while
[info] maintaining performance that scales with the size of the result
[info] set. You can keep index definitions in your project directory
[info] and publish them with firebase deploy.
[info] 
[debug] [2025-01-14T06:30:48.579Z] Checked if tokens are valid: true, expires at: 1736838135714
[debug] [2025-01-14T06:30:48.579Z] Checked if tokens are valid: true, expires at: 1736838135714
[debug] [2025-01-14T06:30:48.579Z] Checked if tokens are valid: true, expires at: 1736838135714
[debug] [2025-01-14T06:30:48.579Z] Checked if tokens are valid: true, expires at: 1736838135714
[debug] [2025-01-14T06:30:48.579Z] >>> [apiv2][query] GET https://firestore.googleapis.com/v1/projects/reinom-7676d/databases/(default)/collectionGroups/-/indexes [none]
[debug] [2025-01-14T06:30:48.583Z] >>> [apiv2][query] GET https://firestore.googleapis.com/v1/projects/reinom-7676d/databases/(default)/collectionGroups/-/fields?filter=indexConfig.usesAncestorConfig=false OR ttlConfig:* [none]
[debug] [2025-01-14T06:30:50.179Z] <<< [apiv2][status] GET https://firestore.googleapis.com/v1/projects/reinom-7676d/databases/(default)/collectionGroups/-/indexes 200
[debug] [2025-01-14T06:30:50.179Z] <<< [apiv2][body] GET https://firestore.googleapis.com/v1/projects/reinom-7676d/databases/(default)/collectionGroups/-/indexes {}
[debug] [2025-01-14T06:30:50.549Z] <<< [apiv2][status] GET https://firestore.googleapis.com/v1/projects/reinom-7676d/databases/(default)/collectionGroups/-/fields?filter=indexConfig.usesAncestorConfig=false OR ttlConfig:* 200
[debug] [2025-01-14T06:30:50.550Z] <<< [apiv2][body] GET https://firestore.googleapis.com/v1/projects/reinom-7676d/databases/(default)/collectionGroups/-/fields?filter=indexConfig.usesAncestorConfig=false OR ttlConfig:* {"fields":[{"name":"projects/reinom-7676d/databases/(default)/collectionGroups/__default__/fields/*","indexConfig":{"indexes":[{"queryScope":"COLLECTION","fields":[{"fieldPath":"*","order":"ASCENDING"}],"state":"READY"},{"queryScope":"COLLECTION","fields":[{"fieldPath":"*","order":"DESCENDING"}],"state":"READY"},{"queryScope":"COLLECTION","fields":[{"fieldPath":"*","arrayConfig":"CONTAINS"}],"state":"READY"}]}}]}
[info] 
=== Apphosting Setup
[debug] [2025-01-14T06:30:50.554Z] Checked if tokens are valid: true, expires at: 1736838135714
[debug] [2025-01-14T06:30:50.555Z] Checked if tokens are valid: true, expires at: 1736838135714
[debug] [2025-01-14T06:30:50.555Z] >>> [apiv2][query] GET https://cloudbilling.googleapis.com/v1/projects/reinom-7676d/billingInfo [none]
[debug] [2025-01-14T06:30:51.218Z] <<< [apiv2][status] GET https://cloudbilling.googleapis.com/v1/projects/reinom-7676d/billingInfo 200
[debug] [2025-01-14T06:30:51.218Z] <<< [apiv2][body] GET https://cloudbilling.googleapis.com/v1/projects/reinom-7676d/billingInfo {"name":"projects/reinom-7676d/billingInfo","projectId":"reinom-7676d","billingAccountName":"","billingEnabled":false}
[info] i  Writing default settings to apphosting.yaml... 
[info] +  Wrote apphosting.yaml 
[info] +  Create a new App Hosting backend with `firebase apphosting:backends:create` 
[info] 
=== Hosting Setup
[debug] [2025-01-14T06:30:51.225Z] Checked if tokens are valid: true, expires at: 1736838135714
[debug] [2025-01-14T06:30:51.225Z] Checked if tokens are valid: true, expires at: 1736838135714
[debug] [2025-01-14T06:30:51.226Z] >>> [apiv2][query] GET https://firebase.googleapis.com/v1beta1/projects/reinom-7676d [none]
[debug] [2025-01-14T06:30:51.748Z] <<< [apiv2][status] GET https://firebase.googleapis.com/v1beta1/projects/reinom-7676d 200
[debug] [2025-01-14T06:30:51.749Z] <<< [apiv2][body] GET https://firebase.googleapis.com/v1beta1/projects/reinom-7676d {"projectId":"reinom-7676d","projectNumber":"256070086164","displayName":"Reinom","name":"projects/reinom-7676d","resources":{"hostingSite":"reinom-7676d"},"state":"ACTIVE","etag":"1_8c4df29d-b51c-4b69-892a-53756e241cfd"}
[info] 
[info] Your public directory is the folder (relative to your project directory) that
[info] will contain Hosting assets to be uploaded with firebase deploy. If you
[info] have a build process for your assets, use your build's output directory.
[info] 
[info] +  Wrote public/404.html 
[debug] [2025-01-14T06:30:56.547Z] >>> [apiv2][query] GET https://www.gstatic.com/firebasejs/releases.json [none]
[debug] [2025-01-14T06:30:56.808Z] <<< [apiv2][status] GET https://www.gstatic.com/firebasejs/releases.json 200
[debug] [2025-01-14T06:30:56.808Z] <<< [apiv2][body] GET https://www.gstatic.com/firebasejs/releases.json {"current":{"version":"11.1.0","browserURL":"https://www.gstatic.com/firebasejs/11.1.0/firebase.js","packageURL":"https://www.gstatic.com/firebasejs/11.1.0/firebase.tgz"},"live":{"version":"11.1","browserURL":"https://www.gstatic.com/firebasejs/live/11.1/firebase.js","packageURL":"https://www.gstatic.com/firebasejs/live/11.1/firebase.tgz"},"components":{"analytics":"https://www.gstatic.com/firebasejs/11.1.0/firebase-analytics.js","app":"https://www.gstatic.com/firebasejs/11.1.0/firebase-app.js","app-check":"https://www.gstatic.com/firebasejs/11.1.0/firebase-app-check.js","auth":"https://www.gstatic.com/firebasejs/11.1.0/firebase-auth.js","auth/cordova":"https://www.gstatic.com/firebasejs/11.1.0/firebase-auth/cordova.js","auth/web-extension":"https://www.gstatic.com/firebasejs/11.1.0/firebase-auth/web-extension.js","functions":"https://www.gstatic.com/firebasejs/11.1.0/firebase-functions.js","firestore":"https://www.gstatic.com/firebasejs/11.1.0/firebase-firestore.js","firestore/lite":"https://www.gstatic.com/firebasejs/11.1.0/firebase-firestore/lite.js","installations":"https://www.gstatic.com/firebasejs/11.1.0/firebase-installations.js","storage":"https://www.gstatic.com/firebasejs/11.1.0/firebase-storage.js","performance":"https://www.gstatic.com/firebasejs/11.1.0/firebase-performance.js","remote-config":"https://www.gstatic.com/firebasejs/11.1.0/firebase-remote-config.js","messaging":"https://www.gstatic.com/firebasejs/11.1.0/firebase-messaging.js","messaging/sw":"https://www.gstatic.com/firebasejs/11.1.0/firebase-messaging/sw.js","database":"https://www.gstatic.com/firebasejs/11.1.0/firebase-database.js","vertexai":"https://www.gstatic.com/firebasejs/11.1.0/firebase-vertexai.js","data-connect":"https://www.gstatic.com/firebasejs/11.1.0/firebase-data-connect.js","firestore.memory":"https://www.gstatic.com/firebasejs/11.1.0/firebase-firestore.memory.js"}}
[info] +  Wrote public/index.html 
[info] 
[info] i  Detected a .git folder at E:\Work\reinom 
[info] i  Authorizing with GitHub to upload your service account to a GitHub repository's secrets store. 
[info] 
[info] Visit this URL on this device to log in:
[info] https://github.com/login/oauth/authorize?client_id=89cf50f02ac6aaed3484&state=513342206&redirect_uri=http%3A%2F%2Flocalhost%3A9005&scope=read%3Auser%20repo%20public_repo
[info] 
[info] Waiting for authentication...
[debug] [2025-01-14T06:31:10.089Z] >>> [apiv2][query] POST https://github.com/login/oauth/access_token [none]
[debug] [2025-01-14T06:31:10.089Z] >>> [apiv2][body] POST https://github.com/login/oauth/access_token [stream]
[debug] [2025-01-14T06:31:10.644Z] <<< [apiv2][status] POST https://github.com/login/oauth/access_token 200
[debug] [2025-01-14T06:31:10.644Z] <<< [apiv2][body] POST https://github.com/login/oauth/access_token {"access_token":"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","token_type":"bearer","scope":"read:user,repo"}
[debug] [2025-01-14T06:31:10.656Z] >>> [apiv2][query] GET https://api.github.com/user [none]
[debug] [2025-01-14T06:31:11.224Z] <<< [apiv2][status] GET https://api.github.com/user 200
[debug] [2025-01-14T06:31:11.224Z] <<< [apiv2][body] GET https://api.github.com/user {"login":"noumankhateeb","id":180949183,"node_id":"U_kgDOCskQvw","avatar_url":"https://avatars.githubusercontent.com/u/180949183?v=4","gravatar_id":"","url":"https://api.github.com/users/noumankhateeb","html_url":"https://github.com/noumankhateeb","followers_url":"https://api.github.com/users/noumankhateeb/followers","following_url":"https://api.github.com/users/noumankhateeb/following{/other_user}","gists_url":"https://api.github.com/users/noumankhateeb/gists{/gist_id}","starred_url":"https://api.github.com/users/noumankhateeb/starred{/owner}{/repo}","subscriptions_url":"https://api.github.com/users/noumankhateeb/subscriptions","organizations_url":"https://api.github.com/users/noumankhateeb/orgs","repos_url":"https://api.github.com/users/noumankhateeb/repos","events_url":"https://api.github.com/users/noumankhateeb/events{/privacy}","received_events_url":"https://api.github.com/users/noumankhateeb/received_events","type":"User","user_view_type":"private","site_admin":false,"name":null,"company":null,"blog":"","location":null,"email":null,"hireable":null,"bio":null,"twitter_username":null,"notification_email":null,"public_repos":13,"public_gists":0,"followers":0,"following":0,"created_at":"2024-09-09T10:47:52Z","updated_at":"2025-01-14T06:31:04Z","private_gists":0,"total_private_repos":0,"owned_private_repos":0,"disk_usage":52507,"collaborators":0,"two_factor_authentication":false,"plan":{"name":"free","space":976562499,"collaborators":0,"private_repos":10000}}
[info] 
[info] +  Success! Logged into GitHub as noumankhateeb 
[info] 
[debug] [2025-01-14T06:31:28.401Z] >>> [apiv2][query] GET https://api.github.com/repos//actions/secrets/public-key type=owner
[debug] [2025-01-14T06:31:28.883Z] <<< [apiv2][status] GET https://api.github.com/repos//actions/secrets/public-key 404
[debug] [2025-01-14T06:31:28.884Z] <<< [apiv2][body] GET https://api.github.com/repos//actions/secrets/public-key {"message":"Not Found","documentation_url":"https://docs.github.com/rest","status":"404"}
[info] 
[info] 
[error] !  The provided authorization cannot be used with this repository. If this repository is in an organization, did you remember to grant access? 
[info] 
[info] i  Action required: Visit this URL to ensure access has been granted to the appropriate organization(s) for the Firebase CLI GitHub OAuth App: 
[info] https://github.com/settings/connections/applications/89cf50f02ac6aaed3484
[info] 
[debug] [2025-01-14T06:35:24.887Z] >>> [apiv2][query] GET https://api.github.com/repos/noumankhateeb/reinom.git/actions/secrets/public-key type=owner
[debug] [2025-01-14T06:35:25.373Z] <<< [apiv2][status] GET https://api.github.com/repos/noumankhateeb/reinom.git/actions/secrets/public-key 404
[debug] [2025-01-14T06:35:25.374Z] <<< [apiv2][body] GET https://api.github.com/repos/noumankhateeb/reinom.git/actions/secrets/public-key {"message":"Not Found","documentation_url":"https://docs.github.com/rest/actions/secrets#get-a-repository-public-key","status":"404"}
[info] 
[info] 
[error] !  The provided authorization cannot be used with this repository. If this repository is in an organization, did you remember to grant access? 
[info] 
[info] i  Action required: Visit this URL to ensure access has been granted to the appropriate organization(s) for the Firebase CLI GitHub OAuth App: 
[info] https://github.com/settings/connections/applications/89cf50f02ac6aaed3484
[info] 
[debug] [2025-01-14T06:35:27.431Z] >>> [apiv2][query] GET https://api.github.com/repos/noumankhateeb/reinom.git/actions/secrets/public-key type=owner
[debug] [2025-01-14T06:35:27.740Z] <<< [apiv2][status] GET https://api.github.com/repos/noumankhateeb/reinom.git/actions/secrets/public-key 404
[debug] [2025-01-14T06:35:27.741Z] <<< [apiv2][body] GET https://api.github.com/repos/noumankhateeb/reinom.git/actions/secrets/public-key {"message":"Not Found","documentation_url":"https://docs.github.com/rest/actions/secrets#get-a-repository-public-key","status":"404"}
[info] 
[info] 
[error] !  The provided authorization cannot be used with this repository. If this repository is in an organization, did you remember to grant access? 
[info] 
[info] i  Action required: Visit this URL to ensure access has been granted to the appropriate organization(s) for the Firebase CLI GitHub OAuth App: 
[info] https://github.com/settings/connections/applications/89cf50f02ac6aaed3484
[info] 
[debug] [2025-01-14T06:35:33.588Z] >>> [apiv2][query] GET https://api.github.com/repos/noumankhateeb/reinom.git/actions/secrets/public-key type=owner
[debug] [2025-01-14T06:35:34.076Z] <<< [apiv2][status] GET https://api.github.com/repos/noumankhateeb/reinom.git/actions/secrets/public-key 404
[debug] [2025-01-14T06:35:34.076Z] <<< [apiv2][body] GET https://api.github.com/repos/noumankhateeb/reinom.git/actions/secrets/public-key {"message":"Not Found","documentation_url":"https://docs.github.com/rest/actions/secrets#get-a-repository-public-key","status":"404"}
[info] 
[info] 
[error] !  The provided authorization cannot be used with this repository. If this repository is in an organization, did you remember to grant access? 
[info] 
[info] i  Action required: Visit this URL to ensure access has been granted to the appropriate organization(s) for the Firebase CLI GitHub OAuth App: 
[info] https://github.com/settings/connections/applications/89cf50f02ac6aaed3484
[info] 
[debug] [2025-01-14T06:35:34.900Z] >>> [apiv2][query] GET https://api.github.com/repos/noumankhateeb/reinom.git/actions/secrets/public-key type=owner
[debug] [2025-01-14T06:35:35.215Z] <<< [apiv2][status] GET https://api.github.com/repos/noumankhateeb/reinom.git/actions/secrets/public-key 404
[debug] [2025-01-14T06:35:35.215Z] <<< [apiv2][body] GET https://api.github.com/repos/noumankhateeb/reinom.git/actions/secrets/public-key {"message":"Not Found","documentation_url":"https://docs.github.com/rest/actions/secrets#get-a-repository-public-key","status":"404"}
[info] 
[info] 
[error] !  The provided authorization cannot be used with this repository. If this repository is in an organization, did you remember to grant access? 
[info] 
[info] i  Action required: Visit this URL to ensure access has been granted to the appropriate organization(s) for the Firebase CLI GitHub OAuth App: 
[info] https://github.com/settings/connections/applications/89cf50f02ac6aaed3484
[info] 
[debug] [2025-01-14T06:36:49.548Z] >>> [apiv2][query] GET https://api.github.com/repos/format: noumankhateeb/reinom.git/actions/secrets/public-key type=owner
[debug] [2025-01-14T06:36:50.063Z] <<< [apiv2][status] GET https://api.github.com/repos/format: noumankhateeb/reinom.git/actions/secrets/public-key 404
[debug] [2025-01-14T06:36:50.064Z] <<< [apiv2][body] GET https://api.github.com/repos/format: noumankhateeb/reinom.git/actions/secrets/public-key {"message":"Not Found","documentation_url":"https://docs.github.com/rest/actions/secrets#get-a-repository-public-key","status":"404"}
[info] 
[info] 
[error] !  The provided authorization cannot be used with this repository. If this repository is in an organization, did you remember to grant access? 
[info] 
[info] i  Action required: Visit this URL to ensure access has been granted to the appropriate organization(s) for the Firebase CLI GitHub OAuth App: 
[info] https://github.com/settings/connections/applications/89cf50f02ac6aaed3484
[info] 
[debug] [2025-01-14T06:37:09.776Z] >>> [apiv2][query] GET https://api.github.com/repos/format: noumankhateeb/reinom.git/actions/secrets/public-key type=owner
[debug] [2025-01-14T06:37:10.247Z] <<< [apiv2][status] GET https://api.github.com/repos/format: noumankhateeb/reinom.git/actions/secrets/public-key 401
[debug] [2025-01-14T06:37:10.247Z] <<< [apiv2][body] GET https://api.github.com/repos/format: noumankhateeb/reinom.git/actions/secrets/public-key {"message":"Bad credentials","documentation_url":"https://docs.github.com/rest","status":"401"}
[debug] [2025-01-14T06:37:11.722Z] >>> [apiv2][query] GET https://api.github.com/repos/format: noumankhateeb/reinom.git/actions/secrets/public-key type=owner
[debug] [2025-01-14T06:37:12.018Z] <<< [apiv2][status] GET https://api.github.com/repos/format: noumankhateeb/reinom.git/actions/secrets/public-key 401
[debug] [2025-01-14T06:37:12.018Z] <<< [apiv2][body] GET https://api.github.com/repos/format: noumankhateeb/reinom.git/actions/secrets/public-key {"message":"Bad credentials","documentation_url":"https://docs.github.com/rest","status":"401"}
[debug] [2025-01-14T06:37:12.216Z] >>> [apiv2][query] GET https://api.github.com/repos/format: noumankhateeb/reinom.git/actions/secrets/public-key type=owner
[debug] [2025-01-14T06:37:12.334Z] >>> [apiv2][query] GET https://api.github.com/repos//actions/secrets/public-key type=owner
[debug] [2025-01-14T06:37:12.469Z] >>> [apiv2][query] GET https://api.github.com/repos//actions/secrets/public-key type=owner
[debug] [2025-01-14T06:37:12.509Z] <<< [apiv2][status] GET https://api.github.com/repos/format: noumankhateeb/reinom.git/actions/secrets/public-key 401
[debug] [2025-01-14T06:37:12.509Z] <<< [apiv2][body] GET https://api.github.com/repos/format: noumankhateeb/reinom.git/actions/secrets/public-key {"message":"Bad credentials","documentation_url":"https://docs.github.com/rest","status":"401"}
[debug] [2025-01-14T06:37:12.600Z] >>> [apiv2][query] GET https://api.github.com/repos/format: noumankhateeb/reinom.git/actions/secrets/public-key type=owner
[debug] [2025-01-14T06:37:12.723Z] >>> [apiv2][query] GET https://api.github.com/repos//actions/secrets/public-key type=owner
[debug] [2025-01-14T06:37:12.790Z] <<< [apiv2][status] GET https://api.github.com/repos//actions/secrets/public-key 401
[debug] [2025-01-14T06:37:12.791Z] <<< [apiv2][body] GET https://api.github.com/repos//actions/secrets/public-key {"message":"Bad credentials","documentation_url":"https://docs.github.com/rest","status":"401"}
[debug] [2025-01-14T06:37:12.899Z] <<< [apiv2][status] GET https://api.github.com/repos/format: noumankhateeb/reinom.git/actions/secrets/public-key 401
[debug] [2025-01-14T06:37:12.900Z] <<< [apiv2][body] GET https://api.github.com/repos/format: noumankhateeb/reinom.git/actions/secrets/public-key {"message":"Bad credentials","documentation_url":"https://docs.github.com/rest","status":"401"}
[debug] [2025-01-14T06:37:12.922Z] <<< [apiv2][status] GET https://api.github.com/repos//actions/secrets/public-key 401
[debug] [2025-01-14T06:37:12.922Z] <<< [apiv2][body] GET https://api.github.com/repos//actions/secrets/public-key {"message":"Bad credentials","documentation_url":"https://docs.github.com/rest","status":"401"}
[debug] [2025-01-14T06:37:13.182Z] <<< [apiv2][status] GET https://api.github.com/repos//actions/secrets/public-key 401
[debug] [2025-01-14T06:37:13.183Z] <<< [apiv2][body] GET https://api.github.com/repos//actions/secrets/public-key {"message":"Bad credentials","documentation_url":"https://docs.github.com/rest","status":"401"}
